<?xml version="1.0" encoding="UTF-8"?>
<!-- Generated by org.testng.reporters.JUnitXMLReporter -->
<testsuite hostname="DESKTOP-7S32HN3" ignored="0" name="Default test" tests="4" failures="0" timestamp="21 Apr 2020 19:45:51 GMT" time="8.57" errors="0">
  <testcase name="validateAddPetTest" time="3.607" classname="com.testPages.PetstoreTest"/>
  <testcase name="validateUpdatePetTest" time="1.639" classname="com.testPages.PetstoreTest"/>
  <testcase name="validateGetPetTest" time="0.933" classname="com.testPages.PetstoreTest"/>
  <testcase name="validateDeletePetTest" time="0.926" classname="com.testPages.PetstoreTest"/>
</testsuite> <!-- Default test -->
