<?xml version="1.0" encoding="UTF-8"?>
<!-- Generated by org.testng.reporters.JUnitXMLReporter -->
<testsuite hostname="DESKTOP-7S32HN3" ignored="0" name="Test on Rest API " tests="4" failures="0" timestamp="21 Apr 2020 19:35:27 GMT" time="9.315" errors="0">
  <testcase name="validateAddPetTest" time="3.756" classname="com.testPages.PetstoreTest"/>
  <testcase name="validateUpdatePetTest" time="1.523" classname="com.testPages.PetstoreTest"/>
  <testcase name="validateGetPetTest" time="1.042" classname="com.testPages.PetstoreTest"/>
  <testcase name="validateDeletePetTest" time="0.985" classname="com.testPages.PetstoreTest"/>
</testsuite> <!-- Test on Rest API  -->
